<?xml version="1.0" encoding="utf-8"?><testsuites name="pytest tests"><testsuite name="pytest" errors="0" failures="0" skipped="0" tests="9" time="2.212" timestamp="2026-05-29T12:28:49.633674+00:00" hostname="agent-env-f71004ce-cd3b-4ec3-a147-3ff5e708e79a"><testcase classname="backend.tests.test_doo_api" name="test_root" time="0.246" /><testcase classname="backend.tests.test_doo_api.TestContexts" name="test_get_contexts_returns_6" time="0.142" /><testcase classname="backend.tests.test_doo_api.TestChallenge" name="test_get_challenge_bus" time="0.144" /><testcase classname="backend.tests.test_doo_api.TestChallenge" name="test_get_challenge_all_contexts" time="0.385" /><testcase classname="backend.tests.test_doo_api.TestChallenge" name="test_get_challenge_unknown_context" time="0.123" /><testcase classname="backend.tests.test_doo_api.TestChallenge" name="test_get_challenge_exclude_returns_different" time="0.545" /><testcase classname="backend.tests.test_doo_api.TestAnswers" name="test_post_answer_persists" time="0.209" /><testcase classname="backend.tests.test_doo_api.TestAnswers" name="test_get_answers_contains_created" time="0.169" /><testcase classname="backend.tests.test_doo_api.TestAnswers" name="test_post_answer_unknown_context_still_saves" time="0.110" /></testsuite></testsuites>